{"logTime": "0425/181950", "correlationVector":"KKiWcjNBilUoKfTRKB5QWB.1","action":"SyncServerConnectionManagerRequest", "result":"SYNC_SERVER_OK", "context":{"environment":"Prod_SoutheastAsia_000j", "migrationStage":"NotStarted", "server":"GENERAL0300001Q"}}
{"logTime": "0425/181950", "correlationVector":"KKiWcjNBilUoKfTRKB5QWB","action":"Initial GetUpdates", "result":"", "context":Reason: NEW_CLIENT. cV=KKiWcjNBilUoKfTRKB5QWB}
{"logTime": "0425/181950", "correlationVector":"KKiWcjNBilUoKfTRKB5QWB.2","action":"GetUpdates Response", "result":"Success", "context":Received 1 update(s). cV=KKiWcjNBilUoKfTRKB5QWB.0;server=GENERAL0300001Q;cloudType=Consumer;environment=Prod_SoutheastAsia_000j;migrationStage=NotStarted}
{"logTime": "0425/181951", "correlationVector":"3c8bAkzKj/nDGZlmbFhbfQ","action":"SyncServerConnectionManagerRequest", "result":"SYNC_SERVER_OK", "context":{"environment":"", "migrationStage":"", "server":""}}
{"logTime": "0425/181951", "correlationVector":"TGrJomG5Sd9lYkCzkuISq1","action":"Initial GetUpdates", "result":"", "context":Reason: NEW_CLIENT. cV=TGrJomG5Sd9lYkCzkuISq1}
{"logTime": "0425/181952", "correlationVector":"TGrJomG5Sd9lYkCzkuISq1.1","action":"SyncServerConnectionManagerRequest", "result":"SYNC_SERVER_OK", "context":{"environment":"Prod_SoutheastAsia_000j", "migrationStage":"NotStarted", "server":"GENERAL0100001C"}}
{"logTime": "0425/181952", "correlationVector":"TGrJomG5Sd9lYkCzkuISq1.2","action":"GetUpdates Response", "result":"Success", "context":Received 3 update(s). cV=TGrJomG5Sd9lYkCzkuISq1.0;server=GENERAL0100001C;cloudType=Consumer;environment=Prod_SoutheastAsia_000j;migrationStage=NotStarted}
{"logTime": "0425/181952", "correlationVector":"LAnyD404gL+RZfizBl9N0/","action":"Normal GetUpdate request", "result":"", "context":cV=LAnyD404gL+RZfizBl9N0/
Nudged types: Device Info, User Consents
Refresh requested types: Device Info, User Consents, Send Tab To Self, Encryption Keys}
{"logTime": "0425/181952", "correlationVector":"LAnyD404gL+RZfizBl9N0/.1","action":"SyncServerConnectionManagerRequest", "result":"SYNC_SERVER_OK", "context":{"environment":"Prod_SoutheastAsia_000j", "migrationStage":"NotStarted", "server":"GENERAL01000010"}}
{"logTime": "0425/181952", "correlationVector":"LAnyD404gL+RZfizBl9N0/.2","action":"GetUpdates Response", "result":"Success", "context":Received 0 update(s). cV=LAnyD404gL+RZfizBl9N0/.0;server=GENERAL01000010;cloudType=Consumer;environment=Prod_SoutheastAsia_000j;migrationStage=NotStarted}
{"logTime": "0425/181952", "correlationVector":"Lxsxims1g96OuWvaHlZHhi","action":"Commit Request", "result":"", "context":Item count: 2
Contributing types: Device Info, User Consents}
{"logTime": "0425/181952", "correlationVector":"Lxsxims1g96OuWvaHlZHhi.1","action":"SyncServerConnectionManagerRequest", "result":"SYNC_SERVER_OK", "context":{"environment":"Prod_SoutheastAsia_000j", "migrationStage":"NotStarted", "server":"GENERAL0300000L"}}
{"logTime": "0425/181952", "correlationVector":"Lxsxims1g96OuWvaHlZHhi.2","action":"Commit Response", "result":"Success", "context":Result: Success. cV=Lxsxims1g96OuWvaHlZHhi.0;server=GENERAL0300000L;cloudType=Consumer;environment=Prod_SoutheastAsia_000j;migrationStage=NotStarted}
{"logTime": "0425/181952", "correlationVector":"J8uOAnSJvcqyzgs/iyb6n9","action":"Normal GetUpdate request", "result":"", "context":cV=J8uOAnSJvcqyzgs/iyb6n9
Nudged types: Device Info}
{"logTime": "0425/181952", "correlationVector":"J8uOAnSJvcqyzgs/iyb6n9.1","action":"SyncServerConnectionManagerRequest", "result":"SYNC_SERVER_OK", "context":{"environment":"Prod_SoutheastAsia_000j", "migrationStage":"NotStarted", "server":"general0100000B"}}
{"logTime": "0425/181952", "correlationVector":"J8uOAnSJvcqyzgs/iyb6n9.2","action":"GetUpdates Response", "result":"Success", "context":Received 1 update(s). cV=J8uOAnSJvcqyzgs/iyb6n9.0;server=general0100000B;cloudType=Consumer;environment=Prod_SoutheastAsia_000j;migrationStage=NotStarted}
{"logTime": "0425/182936", "correlationVector":"Eu5ocLrKg3j+LRFaM9UtiW.1","action":"SyncServerConnectionManagerRequest", "result":"SYNC_SERVER_OK", "context":{"environment":"Prod_SoutheastAsia_000j", "migrationStage":"NotStarted", "server":"GENERAL03000029"}}
{"logTime": "0425/182936", "correlationVector":"Eu5ocLrKg3j+LRFaM9UtiW","action":"Initial GetUpdates", "result":"", "context":Reason: NEW_CLIENT. cV=Eu5ocLrKg3j+LRFaM9UtiW}
{"logTime": "0425/182936", "correlationVector":"Eu5ocLrKg3j+LRFaM9UtiW.2","action":"GetUpdates Response", "result":"Success", "context":Received 1 update(s). cV=Eu5ocLrKg3j+LRFaM9UtiW.0;server=GENERAL03000029;cloudType=Consumer;environment=Prod_SoutheastAsia_000j;migrationStage=NotStarted}
{"logTime": "0425/182937", "correlationVector":"4X03pBq+UHQANdeSRbnd/z","action":"Normal GetUpdate request", "result":"", "context":cV=4X03pBq+UHQANdeSRbnd/z
Refresh requested types: Device Info, User Consents, Send Tab To Self, Encryption Keys}
{"logTime": "0425/182937", "correlationVector":"4X03pBq+UHQANdeSRbnd/z.1","action":"SyncServerConnectionManagerRequest", "result":"SYNC_SERVER_OK", "context":{"environment":"Prod_SoutheastAsia_000j", "migrationStage":"NotStarted", "server":"GENERAL0300000A"}}
{"logTime": "0425/182937", "correlationVector":"4X03pBq+UHQANdeSRbnd/z.2","action":"GetUpdates Response", "result":"Success", "context":Received 0 update(s). cV=4X03pBq+UHQANdeSRbnd/z.0;server=GENERAL0300000A;cloudType=Consumer;environment=Prod_SoutheastAsia_000j;migrationStage=NotStarted}
{"logTime": "0425/182939", "correlationVector":"JtiK4gS8bUdX3uVbHmGNXO","action":"SyncServerConnectionManagerRequest", "result":"SYNC_SERVER_OK", "context":{"environment":"", "migrationStage":"", "server":""}}
{"logTime": "0425/182939", "correlationVector":"k6Aw98CiQxGdzn6vqb397n","action":"Initial GetUpdates", "result":"", "context":Reason: RECONFIGURATION. cV=k6Aw98CiQxGdzn6vqb397n}
{"logTime": "0425/182939", "correlationVector":"k6Aw98CiQxGdzn6vqb397n.1","action":"SyncServerConnectionManagerRequest", "result":"SYNC_SERVER_OK", "context":{"environment":"Prod_SoutheastAsia_000j", "migrationStage":"NotStarted", "server":"GENERAL0300001L"}}
{"logTime": "0425/182939", "correlationVector":"k6Aw98CiQxGdzn6vqb397n.2","action":"GetUpdates Response", "result":"Success", "context":Received 30 update(s). cV=k6Aw98CiQxGdzn6vqb397n.0;server=GENERAL0300001L;cloudType=Consumer;environment=Prod_SoutheastAsia_000j;migrationStage=NotStarted}
{"logTime": "0425/182939", "correlationVector":"hUWfNLZN7ncCLkPbm4kXiO","action":"Initial GetUpdates", "result":"", "context":Reason: NEWLY_SUPPORTED_DATATYPE. cV=hUWfNLZN7ncCLkPbm4kXiO}
{"logTime": "0425/182940", "correlationVector":"hUWfNLZN7ncCLkPbm4kXiO.1","action":"SyncServerConnectionManagerRequest", "result":"SYNC_SERVER_OK", "context":{"environment":"Prod_SoutheastAsia_000j", "migrationStage":"NotStarted", "server":"GENERAL0300000A"}}
{"logTime": "0425/182940", "correlationVector":"hUWfNLZN7ncCLkPbm4kXiO.2","action":"GetUpdates Response", "result":"Success", "context":Received 7 update(s). cV=hUWfNLZN7ncCLkPbm4kXiO.0;server=GENERAL0300000A;cloudType=Consumer;environment=Prod_SoutheastAsia_000j;migrationStage=NotStarted}
{"logTime": "0425/182940", "correlationVector":"MvN2KtbYEUECSlsw22DOGA","action":"Initial GetUpdates", "result":"", "context":Reason: NEWLY_SUPPORTED_DATATYPE. cV=MvN2KtbYEUECSlsw22DOGA}
{"logTime": "0425/182940", "correlationVector":"MvN2KtbYEUECSlsw22DOGA.1","action":"SyncServerConnectionManagerRequest", "result":"SYNC_SERVER_OK", "context":{"environment":"Prod_SoutheastAsia_000j", "migrationStage":"NotStarted", "server":"GENERAL01000002"}}
{"logTime": "0425/182940", "correlationVector":"MvN2KtbYEUECSlsw22DOGA.2","action":"GetUpdates Response", "result":"Success", "context":Received 7 update(s). cV=MvN2KtbYEUECSlsw22DOGA.0;server=GENERAL01000002;cloudType=Consumer;environment=Prod_SoutheastAsia_000j;migrationStage=NotStarted}
{"logTime": "0425/182940", "correlationVector":"0dL9aOnk4KqfhAxwIqNbRZ","action":"Normal GetUpdate request", "result":"", "context":cV=0dL9aOnk4KqfhAxwIqNbRZ
Nudged types: Preferences, Sessions, Device Info
Refresh requested types: Bookmarks, Preferences, Passwords, Autofill Profiles, Autofill, Typed URLs, Extensions, Sessions, Extension settings, History Delete Directives, Device Info, User Consents, Send Tab To Self, Web Apps, Collection, Edge E Drop, Edge Hub App Usage, Edge Tab Group, Edge Wallet, Encryption Keys}
{"logTime": "0425/182941", "correlationVector":"0dL9aOnk4KqfhAxwIqNbRZ.1","action":"SyncServerConnectionManagerRequest", "result":"SYNC_SERVER_OK", "context":{"environment":"Prod_SoutheastAsia_000j", "migrationStage":"NotStarted", "server":"GENERAL0300001T"}}
{"logTime": "0425/182941", "correlationVector":"0dL9aOnk4KqfhAxwIqNbRZ.2","action":"GetUpdates Response", "result":"Success", "context":Received 0 update(s). cV=0dL9aOnk4KqfhAxwIqNbRZ.0;server=GENERAL0300001T;cloudType=Consumer;environment=Prod_SoutheastAsia_000j;migrationStage=NotStarted}
{"logTime": "0425/182941", "correlationVector":"+PyAt0GJ6MyRuqvS0SdoUO","action":"Commit Request", "result":"", "context":Item count: 12
Contributing types: Preferences, Sessions, Device Info}
{"logTime": "0425/182942", "correlationVector":"+PyAt0GJ6MyRuqvS0SdoUO.1","action":"SyncServerConnectionManagerRequest", "result":"SYNC_SERVER_OK", "context":{"environment":"Prod_SoutheastAsia_000j", "migrationStage":"NotStarted", "server":"GENERAL01000006"}}
{"logTime": "0425/182942", "correlationVector":"+PyAt0GJ6MyRuqvS0SdoUO.2","action":"Commit Response", "result":"Success", "context":Result: Success. cV=+PyAt0GJ6MyRuqvS0SdoUO.0;server=GENERAL01000006;cloudType=Consumer;environment=Prod_SoutheastAsia_000j;migrationStage=NotStarted}
{"logTime": "0425/182943", "correlationVector":"rQ4bU1IJTJjLB+CRE8TClm","action":"Commit Request", "result":"", "context":Item count: 4
Contributing types: Preferences, Passwords}
{"logTime": "0425/182944", "correlationVector":"rQ4bU1IJTJjLB+CRE8TClm.1","action":"SyncServerConnectionManagerRequest", "result":"SYNC_SERVER_OK", "context":{"environment":"Prod_SoutheastAsia_000j", "migrationStage":"NotStarted", "server":"GENERAL0300000E"}}
{"logTime": "0425/182945", "correlationVector":"rQ4bU1IJTJjLB+CRE8TClm.2","action":"Commit Response", "result":"Success", "context":Result: Success. cV=rQ4bU1IJTJjLB+CRE8TClm.0;server=GENERAL0300000E;cloudType=Consumer;environment=Prod_SoutheastAsia_000j;migrationStage=NotStarted}
{"logTime": "0425/183324", "correlationVector":"MwVnXxJIHCxyTu+RviRfD+.1","action":"SyncServerConnectionManagerRequest", "result":"SYNC_SERVER_OK", "context":{"environment":"Prod_EastAsia_000d", "migrationStage":"NotStarted", "server":"GENERAL0100000Y"}}
{"logTime": "0425/183324", "correlationVector":"MwVnXxJIHCxyTu+RviRfD+","action":"Initial GetUpdates", "result":"", "context":Reason: NEW_CLIENT. cV=MwVnXxJIHCxyTu+RviRfD+}
{"logTime": "0425/183324", "correlationVector":"MwVnXxJIHCxyTu+RviRfD+.2","action":"GetUpdates Response", "result":"Success", "context":Received 1 update(s). cV=MwVnXxJIHCxyTu+RviRfD+.0;server=GENERAL0100000Y;cloudType=Consumer;environment=Prod_EastAsia_000d;migrationStage=NotStarted}
{"logTime": "0425/183324", "correlationVector":"9rG1Hy0rmx3yc52msUvYHH","action":"SyncServerConnectionManagerRequest", "result":"SYNC_SERVER_OK", "context":{"environment":"", "migrationStage":"", "server":""}}
{"logTime": "0425/183324", "correlationVector":"K2kgp2JkleIaTwEFs8F2uw","action":"Initial GetUpdates", "result":"", "context":Reason: NEWLY_SUPPORTED_DATATYPE. cV=K2kgp2JkleIaTwEFs8F2uw}
{"logTime": "0425/183324", "correlationVector":"K2kgp2JkleIaTwEFs8F2uw.1","action":"SyncServerConnectionManagerRequest", "result":"SYNC_SERVER_OK", "context":{"environment":"Prod_EastAsia_000d", "migrationStage":"NotStarted", "server":"GENERAL0100000E"}}
{"logTime": "0425/183324", "correlationVector":"K2kgp2JkleIaTwEFs8F2uw.2","action":"GetUpdates Response", "result":"Success", "context":Received 3 update(s). cV=K2kgp2JkleIaTwEFs8F2uw.0;server=GENERAL0100000E;cloudType=Consumer;environment=Prod_EastAsia_000d;migrationStage=NotStarted}
{"logTime": "0425/183324", "correlationVector":"TriuaMPt3daQBNtGjhdHdx","action":"Initial GetUpdates", "result":"", "context":Reason: NEWLY_SUPPORTED_DATATYPE. cV=TriuaMPt3daQBNtGjhdHdx}
{"logTime": "0425/183324", "correlationVector":"TriuaMPt3daQBNtGjhdHdx.1","action":"SyncServerConnectionManagerRequest", "result":"SYNC_SERVER_OK", "context":{"environment":"Prod_EastAsia_000d", "migrationStage":"NotStarted", "server":"GENERAL0100000O"}}
{"logTime": "0425/183324", "correlationVector":"TriuaMPt3daQBNtGjhdHdx.2","action":"GetUpdates Response", "result":"Success", "context":Received 0 update(s). cV=TriuaMPt3daQBNtGjhdHdx.0;server=GENERAL0100000O;cloudType=Consumer;environment=Prod_EastAsia_000d;migrationStage=NotStarted}
{"logTime": "0425/183324", "correlationVector":"KwPJ+k/G9xVaKRXHZmWAj3","action":"Normal GetUpdate request", "result":"", "context":cV=KwPJ+k/G9xVaKRXHZmWAj3
Nudged types: Sessions
Refresh requested types: Bookmarks, Preferences, Passwords, Autofill Profiles, Autofill, Typed URLs, Extensions, Sessions, Extension settings, History Delete Directives, Device Info, User Consents, Send Tab To Self, Web Apps, Collection, Edge E Drop, Edge Hub App Usage, Edge Tab Group, Edge Wallet, Encryption Keys}
{"logTime": "0425/183324", "correlationVector":"KwPJ+k/G9xVaKRXHZmWAj3.1","action":"SyncServerConnectionManagerRequest", "result":"SYNC_SERVER_OK", "context":{"environment":"Prod_EastAsia_000d", "migrationStage":"NotStarted", "server":"GENERAL0100000F"}}
{"logTime": "0425/183324", "correlationVector":"KwPJ+k/G9xVaKRXHZmWAj3.2","action":"GetUpdates Response", "result":"Success", "context":Received 14 update(s). cV=KwPJ+k/G9xVaKRXHZmWAj3.0;server=GENERAL0100000F;cloudType=Consumer;environment=Prod_EastAsia_000d;migrationStage=NotStarted}
{"logTime": "0425/183324", "correlationVector":"VMGaf6sXHi122ImiT+a6Sf","action":"Commit Request", "result":"", "context":Item count: 3
Contributing types: Sessions}
{"logTime": "0425/183324", "correlationVector":"VMGaf6sXHi122ImiT+a6Sf.1","action":"SyncServerConnectionManagerRequest", "result":"SYNC_SERVER_OK", "context":{"environment":"Prod_EastAsia_000d", "migrationStage":"NotStarted", "server":"GENERAL01000001"}}
{"logTime": "0425/183324", "correlationVector":"VMGaf6sXHi122ImiT+a6Sf.3","action":"Commit.Sessions", "result":"Success", "context":{"id":"d9c6154a-0bd4-4aa5-b126-8860a473de11", "isDeleted":"true", "size":"0", "version":"1714069781871"}}
{"logTime": "0425/183324", "correlationVector":"VMGaf6sXHi122ImiT+a6Sf.2","action":"Commit Response", "result":"Success", "context":Result: Success. cV=VMGaf6sXHi122ImiT+a6Sf.0;server=GENERAL01000001;cloudType=Consumer;environment=Prod_EastAsia_000d;migrationStage=NotStarted}
{"logTime": "0425/183324", "correlationVector":"oqNjrWQooQIRJfpXWiQ9r3","action":"Normal GetUpdate request", "result":"", "context":cV=oqNjrWQooQIRJfpXWiQ9r3
Nudged types: Passwords, Sessions}
{"logTime": "0425/183325", "correlationVector":"oqNjrWQooQIRJfpXWiQ9r3.1","action":"SyncServerConnectionManagerRequest", "result":"SYNC_SERVER_OK", "context":{"environment":"Prod_SoutheastAsia_000j", "migrationStage":"NotStarted", "server":"GENERAL03000020"}}
{"logTime": "0425/183325", "correlationVector":"oqNjrWQooQIRJfpXWiQ9r3.2","action":"GetUpdates", "result":"DeleteReceived", "context":{"id":"d9c6154a-0bd4-4aa5-b126-8860a473de11", "isDeleted:":"true", "version":"1714069998063"}}
{"logTime": "0425/183325", "correlationVector":"oqNjrWQooQIRJfpXWiQ9r3.3","action":"GetUpdates Response", "result":"Success", "context":Received 3 update(s). cV=oqNjrWQooQIRJfpXWiQ9r3.0;server=GENERAL03000020;cloudType=Consumer;environment=Prod_SoutheastAsia_000j;migrationStage=NotStarted}
{"logTime": "0425/183325", "correlationVector":"kemrhhinixjJRQYr6Vn0MQ","action":"Commit Request", "result":"", "context":Item count: 2
Contributing types: Passwords, Edge Hub App Usage}
{"logTime": "0425/183326", "correlationVector":"kemrhhinixjJRQYr6Vn0MQ.1","action":"SyncServerConnectionManagerRequest", "result":"SYNC_SERVER_OK", "context":{"environment":"Prod_SoutheastAsia_000j", "migrationStage":"NotStarted", "server":"GENERAL0100001H"}}
{"logTime": "0425/183326", "correlationVector":"kemrhhinixjJRQYr6Vn0MQ.2","action":"Commit Response", "result":"Success", "context":Result: Success. cV=kemrhhinixjJRQYr6Vn0MQ.0;server=GENERAL0100001H;cloudType=Consumer;environment=Prod_SoutheastAsia_000j;migrationStage=NotStarted}
{"logTime": "0425/183326", "correlationVector":"mzbMFc9/NhgE60SUxjFc71","action":"Normal GetUpdate request", "result":"", "context":cV=mzbMFc9/NhgE60SUxjFc71
Nudged types: Passwords, Edge Hub App Usage}
{"logTime": "0425/183327", "correlationVector":"mzbMFc9/NhgE60SUxjFc71.1","action":"SyncServerConnectionManagerRequest", "result":"SYNC_SERVER_OK", "context":{"environment":"Prod_SoutheastAsia_000j", "migrationStage":"NotStarted", "server":"GENERAL0300001Q"}}
{"logTime": "0425/183327", "correlationVector":"mzbMFc9/NhgE60SUxjFc71.2","action":"GetUpdates Response", "result":"Success", "context":Received 2 update(s). cV=mzbMFc9/NhgE60SUxjFc71.0;server=GENERAL0300001Q;cloudType=Consumer;environment=Prod_SoutheastAsia_000j;migrationStage=NotStarted}
{"logTime": "0425/183327", "correlationVector":"EVrSsZVh5bvukd57VPJNu/","action":"Commit Request", "result":"", "context":Item count: 2
Contributing types: Preferences, Passwords}
{"logTime": "0425/183328", "correlationVector":"EVrSsZVh5bvukd57VPJNu/.1","action":"SyncServerConnectionManagerRequest", "result":"SYNC_SERVER_OK", "context":{"environment":"Prod_SoutheastAsia_000j", "migrationStage":"NotStarted", "server":"general01000009"}}
{"logTime": "0425/183328", "correlationVector":"EVrSsZVh5bvukd57VPJNu/.2","action":"Commit Response", "result":"Success", "context":Result: Success. cV=EVrSsZVh5bvukd57VPJNu/.0;server=general01000009;cloudType=Consumer;environment=Prod_SoutheastAsia_000j;migrationStage=NotStarted}
